<?xml version="1.0" encoding="UTF-8"?>
<!-- Generated by org.testng.reporters.JUnitReportReporter -->
<testsuite hostname="ChandNaz" failures="0" tests="1" name="PS" time="0.033" errors="0" timestamp="2023-12-10T01:22:34 IST" skipped="0">
  <testcase classname="PS" name="hello" time="0.033"/>
</testsuite> <!-- PS -->
