<?xml version="1.0" encoding="UTF-8"?>
<!-- Generated by org.testng.reporters.JUnitReportReporter -->
<testsuite hostname="ChandNaz" failures="0" tests="2" name="test1" time="0.027" errors="0" timestamp="2024-04-12T15:53:34 IST" skipped="0">
  <testcase classname="test1" name="nazira" time="0.009"/>
  <testcase classname="test1" name="chand" time="0.018"/>
</testsuite> <!-- test1 -->
